0:0:0:0:0:0:0:1 - - [12/Jun/2018:00:00:16 +0800] "GET /goods/goodslist HTTP/1.1" 200 47122
0:0:0:0:0:0:0:1 - - [12/Jun/2018:00:00:16 +0800] "GET /assets/font-awesome/fonts/fontawesome-webfont.woff?v=4.1.0 HTTP/1.1" 304 -
0:0:0:0:0:0:0:1 - - [12/Jun/2018:00:00:16 +0800] "GET /js/bootstrap-datetimepicker.min.js HTTP/1.1" 404 166
0:0:0:0:0:0:0:1 - - [12/Jun/2018:00:00:16 +0800] "GET /js/moment-with-locales.min.js HTTP/1.1" 404 161
0:0:0:0:0:0:0:1 - - [12/Jun/2018:00:00:16 +0800] "GET /css/bootstrap-datetimepicker.min.css HTTP/1.1" 404 168
0:0:0:0:0:0:0:1 - - [12/Jun/2018:00:00:16 +0800] "GET /css/bootstrap-datetimepicker.min.css HTTP/1.1" 404 168
0:0:0:0:0:0:0:1 - - [12/Jun/2018:00:00:22 +0800] "GET /coupon/couponlist HTTP/1.1" 500 318
0:0:0:0:0:0:0:1 - - [12/Jun/2018:00:01:57 +0800] "GET /coupon/couponlist HTTP/1.1" 500 318
0:0:0:0:0:0:0:1 - - [12/Jun/2018:00:02:37 +0800] "GET /coupon/couponlist HTTP/1.1" 500 318
0:0:0:0:0:0:0:1 - - [12/Jun/2018:00:03:35 +0800] "GET /coupon/couponlist HTTP/1.1" 500 1987
0:0:0:0:0:0:0:1 - - [12/Jun/2018:00:05:39 +0800] "GET /coupon/couponlist HTTP/1.1" 500 1683
0:0:0:0:0:0:0:1 - - [12/Jun/2018:00:05:39 +0800] "GET /favicon.ico HTTP/1.1" 200 67646
0:0:0:0:0:0:0:1 - - [12/Jun/2018:00:06:18 +0800] "GET /coupon/couponlist HTTP/1.1" 200 31510
0:0:0:0:0:0:0:1 - - [12/Jun/2018:00:06:18 +0800] "GET /js/bootstrap-datetimepicker.min.js HTTP/1.1" 404 166
0:0:0:0:0:0:0:1 - - [12/Jun/2018:00:06:18 +0800] "GET /js/moment-with-locales.min.js HTTP/1.1" 404 161
0:0:0:0:0:0:0:1 - - [12/Jun/2018:00:06:18 +0800] "GET /css/bootstrap-datetimepicker.min.css HTTP/1.1" 404 168
0:0:0:0:0:0:0:1 - - [12/Jun/2018:00:06:18 +0800] "GET /js/bootstrap-datetimepicker.min.js HTTP/1.1" 404 166
0:0:0:0:0:0:0:1 - - [12/Jun/2018:00:06:18 +0800] "GET /favicon.ico HTTP/1.1" 200 67646
0:0:0:0:0:0:0:1 - - [12/Jun/2018:00:06:25 +0800] "GET /coupon/couponlist?pi=7&searchName=null HTTP/1.1" 200 31499
0:0:0:0:0:0:0:1 - - [12/Jun/2018:00:06:25 +0800] "GET /css/bootstrap-datetimepicker.min.css HTTP/1.1" 404 168
0:0:0:0:0:0:0:1 - - [12/Jun/2018:00:06:25 +0800] "GET /js/moment-with-locales.min.js HTTP/1.1" 404 161
0:0:0:0:0:0:0:1 - - [12/Jun/2018:00:06:25 +0800] "GET /js/bootstrap-datetimepicker.min.js HTTP/1.1" 404 166
0:0:0:0:0:0:0:1 - - [12/Jun/2018:00:06:25 +0800] "GET /js/moment-with-locales.min.js HTTP/1.1" 404 161
0:0:0:0:0:0:0:1 - - [12/Jun/2018:00:06:25 +0800] "GET /css/bootstrap-datetimepicker.min.css HTTP/1.1" 404 168
0:0:0:0:0:0:0:1 - - [12/Jun/2018:00:06:25 +0800] "GET /js/bootstrap-datetimepicker.min.js HTTP/1.1" 404 166
0:0:0:0:0:0:0:1 - - [12/Jun/2018:00:06:33 +0800] "GET /coupon/couponlist?pi=10&searchName=null HTTP/1.1" 200 31537
0:0:0:0:0:0:0:1 - - [12/Jun/2018:00:06:33 +0800] "GET /css/bootstrap-datetimepicker.min.css HTTP/1.1" 404 168
0:0:0:0:0:0:0:1 - - [12/Jun/2018:00:06:33 +0800] "GET /js/moment-with-locales.min.js HTTP/1.1" 404 161
0:0:0:0:0:0:0:1 - - [12/Jun/2018:00:06:33 +0800] "GET /js/bootstrap-datetimepicker.min.js HTTP/1.1" 404 166
0:0:0:0:0:0:0:1 - - [12/Jun/2018:00:07:05 +0800] "GET /coupon/couponlist HTTP/1.1" 200 31510
0:0:0:0:0:0:0:1 - - [12/Jun/2018:00:07:05 +0800] "GET /css/bootstrap-datetimepicker.min.css HTTP/1.1" 404 168
0:0:0:0:0:0:0:1 - - [12/Jun/2018:00:07:05 +0800] "GET /js/moment-with-locales.min.js HTTP/1.1" 404 161
0:0:0:0:0:0:0:1 - - [12/Jun/2018:00:07:05 +0800] "GET /js/bootstrap-datetimepicker.min.js HTTP/1.1" 404 166
0:0:0:0:0:0:0:1 - - [12/Jun/2018:00:07:05 +0800] "GET /js/moment-with-locales.min.js HTTP/1.1" 404 161
0:0:0:0:0:0:0:1 - - [12/Jun/2018:00:07:05 +0800] "GET /css/bootstrap-datetimepicker.min.css HTTP/1.1" 404 168
0:0:0:0:0:0:0:1 - - [12/Jun/2018:00:07:05 +0800] "GET /js/bootstrap-datetimepicker.min.js HTTP/1.1" 404 166
0:0:0:0:0:0:0:1 - - [12/Jun/2018:00:07:23 +0800] "GET /goods/goodslist HTTP/1.1" 200 47122
0:0:0:0:0:0:0:1 - - [12/Jun/2018:00:07:23 +0800] "GET /js/bootstrap-datetimepicker.min.js HTTP/1.1" 404 166
0:0:0:0:0:0:0:1 - - [12/Jun/2018:00:07:23 +0800] "GET /js/moment-with-locales.min.js HTTP/1.1" 404 161
0:0:0:0:0:0:0:1 - - [12/Jun/2018:00:07:23 +0800] "GET /css/bootstrap-datetimepicker.min.css HTTP/1.1" 404 168
0:0:0:0:0:0:0:1 - - [12/Jun/2018:00:07:23 +0800] "GET /js/moment-with-locales.min.js HTTP/1.1" 404 161
0:0:0:0:0:0:0:1 - - [12/Jun/2018:00:07:23 +0800] "GET /css/bootstrap-datetimepicker.min.css HTTP/1.1" 404 168
0:0:0:0:0:0:0:1 - - [12/Jun/2018:00:07:23 +0800] "GET /js/bootstrap-datetimepicker.min.js HTTP/1.1" 404 166
0:0:0:0:0:0:0:1 - - [12/Jun/2018:14:41:16 +0800] "GET /assets/css/bootstrap.css HTTP/1.1" 304 -
0:0:0:0:0:0:0:1 - - [12/Jun/2018:14:41:16 +0800] "GET /assets/font-awesome/css/font-awesome.css HTTP/1.1" 304 -
0:0:0:0:0:0:0:1 - - [12/Jun/2018:14:41:16 +0800] "GET /assets/js/gritter/css/jquery.gritter.css HTTP/1.1" 304 -
0:0:0:0:0:0:0:1 - - [12/Jun/2018:14:41:16 +0800] "GET /assets/css/zabuto_calendar.css HTTP/1.1" 304 -
0:0:0:0:0:0:0:1 - - [12/Jun/2018:14:41:16 +0800] "GET /assets/css/style-responsive.css HTTP/1.1" 304 -
0:0:0:0:0:0:0:1 - - [12/Jun/2018:14:41:16 +0800] "GET /assets/lineicons/style.css HTTP/1.1" 304 -
0:0:0:0:0:0:0:1 - - [12/Jun/2018:14:41:16 +0800] "GET /assets/css/style.css HTTP/1.1" 304 -
0:0:0:0:0:0:0:1 - - [12/Jun/2018:14:41:16 +0800] "GET /assets/js/chart-master/Chart.js HTTP/1.1" 304 -
0:0:0:0:0:0:0:1 - - [12/Jun/2018:14:41:16 +0800] "GET /assets/img/ui-sam.jpg HTTP/1.1" 304 -
0:0:0:0:0:0:0:1 - - [12/Jun/2018:14:41:16 +0800] "GET /coupon/couponlist HTTP/1.1" 200 31605
0:0:0:0:0:0:0:1 - - [12/Jun/2018:14:41:16 +0800] "GET /assets/js/jquery.js HTTP/1.1" 304 -
0:0:0:0:0:0:0:1 - - [12/Jun/2018:14:41:16 +0800] "GET /css/bootstrap-datetimepicker.min.css HTTP/1.1" 404 168
0:0:0:0:0:0:0:1 - - [12/Jun/2018:14:41:16 +0800] "GET /assets/js/jquery-1.8.3.min.js HTTP/1.1" 304 -
0:0:0:0:0:0:0:1 - - [12/Jun/2018:14:41:16 +0800] "GET /assets/js/bootstrap.min.js HTTP/1.1" 304 -
0:0:0:0:0:0:0:1 - - [12/Jun/2018:14:41:16 +0800] "GET /assets/js/jquery.dcjqaccordion.2.7.js HTTP/1.1" 304 -
0:0:0:0:0:0:0:1 - - [12/Jun/2018:14:41:16 +0800] "GET /assets/js/jquery.scrollTo.min.js HTTP/1.1" 304 -
0:0:0:0:0:0:0:1 - - [12/Jun/2018:14:41:16 +0800] "GET /assets/js/jquery.nicescroll.js HTTP/1.1" 304 -
0:0:0:0:0:0:0:1 - - [12/Jun/2018:14:41:16 +0800] "GET /assets/js/jquery.sparkline.js HTTP/1.1" 304 -
0:0:0:0:0:0:0:1 - - [12/Jun/2018:14:41:16 +0800] "GET /assets/js/common-scripts.js HTTP/1.1" 304 -
0:0:0:0:0:0:0:1 - - [12/Jun/2018:14:41:16 +0800] "GET /assets/js/sparkline-chart.js HTTP/1.1" 304 -
0:0:0:0:0:0:0:1 - - [12/Jun/2018:14:41:16 +0800] "GET /assets/js/zabuto_calendar.js HTTP/1.1" 304 -
0:0:0:0:0:0:0:1 - - [12/Jun/2018:14:41:16 +0800] "GET /js/moment-with-locales.min.js HTTP/1.1" 404 161
0:0:0:0:0:0:0:1 - - [12/Jun/2018:14:41:16 +0800] "GET /assets/js/gritter-conf.js HTTP/1.1" 304 -
0:0:0:0:0:0:0:1 - - [12/Jun/2018:14:41:16 +0800] "GET /js/bootstrap-datetimepicker.min.js HTTP/1.1" 404 166
0:0:0:0:0:0:0:1 - - [12/Jun/2018:14:41:16 +0800] "GET /assets/js/gritter/js/jquery.gritter.js HTTP/1.1" 304 -
0:0:0:0:0:0:0:1 - - [12/Jun/2018:14:41:16 +0800] "GET /assets/font-awesome/fonts/fontawesome-webfont.woff?v=4.1.0 HTTP/1.1" 304 -
0:0:0:0:0:0:0:1 - - [12/Jun/2018:14:41:16 +0800] "GET /js/moment-with-locales.min.js HTTP/1.1" 404 161
0:0:0:0:0:0:0:1 - - [12/Jun/2018:14:41:16 +0800] "GET /js/bootstrap-datetimepicker.min.js HTTP/1.1" 404 166
0:0:0:0:0:0:0:1 - - [12/Jun/2018:14:41:16 +0800] "GET /css/bootstrap-datetimepicker.min.css HTTP/1.1" 404 168
0:0:0:0:0:0:0:1 - - [12/Jun/2018:14:41:19 +0800] "GET /category/categorylist HTTP/1.1" 404 306
0:0:0:0:0:0:0:1 - - [12/Jun/2018:14:42:16 +0800] "GET /category/categorylist HTTP/1.1" 200 16586
0:0:0:0:0:0:0:1 - - [12/Jun/2018:14:42:16 +0800] "GET /js/bootstrap-datetimepicker.min.js HTTP/1.1" 404 166
0:0:0:0:0:0:0:1 - - [12/Jun/2018:14:42:16 +0800] "GET /css/bootstrap-datetimepicker.min.css HTTP/1.1" 404 168
0:0:0:0:0:0:0:1 - - [12/Jun/2018:14:42:16 +0800] "GET /js/moment-with-locales.min.js HTTP/1.1" 404 161
0:0:0:0:0:0:0:1 - - [12/Jun/2018:14:42:16 +0800] "GET /js/bootstrap-datetimepicker.min.js HTTP/1.1" 404 166
0:0:0:0:0:0:0:1 - - [12/Jun/2018:14:42:16 +0800] "GET /css/bootstrap-datetimepicker.min.css HTTP/1.1" 404 168
0:0:0:0:0:0:0:1 - - [12/Jun/2018:14:42:24 +0800] "GET /category/categorylist?pi=8&searchName=null HTTP/1.1" 200 16558
0:0:0:0:0:0:0:1 - - [12/Jun/2018:14:42:24 +0800] "GET /js/bootstrap-datetimepicker.min.js HTTP/1.1" 404 166
0:0:0:0:0:0:0:1 - - [12/Jun/2018:14:42:24 +0800] "GET /js/moment-with-locales.min.js HTTP/1.1" 404 161
0:0:0:0:0:0:0:1 - - [12/Jun/2018:14:42:24 +0800] "GET /css/bootstrap-datetimepicker.min.css HTTP/1.1" 404 168
0:0:0:0:0:0:0:1 - - [12/Jun/2018:14:42:24 +0800] "GET /js/moment-with-locales.min.js HTTP/1.1" 404 161
0:0:0:0:0:0:0:1 - - [12/Jun/2018:14:42:24 +0800] "GET /js/bootstrap-datetimepicker.min.js HTTP/1.1" 404 166
0:0:0:0:0:0:0:1 - - [12/Jun/2018:14:42:24 +0800] "GET /css/bootstrap-datetimepicker.min.css HTTP/1.1" 404 168
0:0:0:0:0:0:0:1 - - [12/Jun/2018:15:58:41 +0800] "GET /goods/goodslist HTTP/1.1" 200 47543
0:0:0:0:0:0:0:1 - - [12/Jun/2018:15:58:41 +0800] "GET /js/moment-with-locales.min.js HTTP/1.1" 404 161
0:0:0:0:0:0:0:1 - - [12/Jun/2018:15:58:41 +0800] "GET /js/bootstrap-datetimepicker.min.js HTTP/1.1" 404 166
0:0:0:0:0:0:0:1 - - [12/Jun/2018:15:58:41 +0800] "GET /css/bootstrap-datetimepicker.min.css HTTP/1.1" 404 168
0:0:0:0:0:0:0:1 - - [12/Jun/2018:15:58:41 +0800] "GET /js/bootstrap-datetimepicker.min.js HTTP/1.1" 404 166
0:0:0:0:0:0:0:1 - - [12/Jun/2018:15:58:41 +0800] "GET /css/bootstrap-datetimepicker.min.css HTTP/1.1" 404 168
0:0:0:0:0:0:0:1 - - [12/Jun/2018:16:00:53 +0800] "GET /goods/goodslist HTTP/1.1" 200 47543
0:0:0:0:0:0:0:1 - - [12/Jun/2018:16:00:53 +0800] "GET /js/moment-with-locales.min.js HTTP/1.1" 404 161
0:0:0:0:0:0:0:1 - - [12/Jun/2018:16:00:53 +0800] "GET /js/bootstrap-datetimepicker.min.js HTTP/1.1" 404 166
0:0:0:0:0:0:0:1 - - [12/Jun/2018:16:00:53 +0800] "GET /css/bootstrap-datetimepicker.min.css HTTP/1.1" 404 168
0:0:0:0:0:0:0:1 - - [12/Jun/2018:16:00:53 +0800] "GET /js/bootstrap-datetimepicker.min.js HTTP/1.1" 404 166
0:0:0:0:0:0:0:1 - - [12/Jun/2018:16:24:25 +0800] "GET /goods/updateGoodsCategory HTTP/1.1" 200 7
0:0:0:0:0:0:0:1 - - [13/Jun/2018:00:06:55 +0800] "GET /assets/js/chart-master/Chart.js HTTP/1.1" 304 -
0:0:0:0:0:0:0:1 - - [13/Jun/2018:00:06:55 +0800] "GET /assets/js/gritter/css/jquery.gritter.css HTTP/1.1" 304 -
0:0:0:0:0:0:0:1 - - [13/Jun/2018:00:06:55 +0800] "GET /assets/font-awesome/css/font-awesome.css HTTP/1.1" 304 -
0:0:0:0:0:0:0:1 - - [13/Jun/2018:00:06:55 +0800] "GET /assets/lineicons/style.css HTTP/1.1" 304 -
0:0:0:0:0:0:0:1 - - [13/Jun/2018:00:06:55 +0800] "GET /assets/img/ui-sam.jpg HTTP/1.1" 304 -
0:0:0:0:0:0:0:1 - - [13/Jun/2018:00:06:56 +0800] "GET /goods/goodslist HTTP/1.1" 200 47543
0:0:0:0:0:0:0:1 - - [13/Jun/2018:00:06:56 +0800] "GET /assets/js/jquery.js HTTP/1.1" 304 -
0:0:0:0:0:0:0:1 - - [13/Jun/2018:00:06:56 +0800] "GET /css/bootstrap-datetimepicker.min.css HTTP/1.1" 404 168
0:0:0:0:0:0:0:1 - - [13/Jun/2018:00:06:56 +0800] "GET /assets/js/jquery-1.8.3.min.js HTTP/1.1" 304 -
0:0:0:0:0:0:0:1 - - [13/Jun/2018:00:06:56 +0800] "GET /assets/js/bootstrap.min.js HTTP/1.1" 304 -
0:0:0:0:0:0:0:1 - - [13/Jun/2018:00:06:56 +0800] "GET /assets/js/jquery.dcjqaccordion.2.7.js HTTP/1.1" 304 -
0:0:0:0:0:0:0:1 - - [13/Jun/2018:00:06:56 +0800] "GET /assets/js/jquery.scrollTo.min.js HTTP/1.1" 304 -
0:0:0:0:0:0:0:1 - - [13/Jun/2018:00:06:56 +0800] "GET /assets/js/jquery.nicescroll.js HTTP/1.1" 304 -
0:0:0:0:0:0:0:1 - - [13/Jun/2018:00:06:56 +0800] "GET /assets/js/jquery.sparkline.js HTTP/1.1" 304 -
0:0:0:0:0:0:0:1 - - [13/Jun/2018:00:06:56 +0800] "GET /assets/js/common-scripts.js HTTP/1.1" 304 -
0:0:0:0:0:0:0:1 - - [13/Jun/2018:00:06:56 +0800] "GET /assets/js/gritter/js/jquery.gritter.js HTTP/1.1" 304 -
0:0:0:0:0:0:0:1 - - [13/Jun/2018:00:06:56 +0800] "GET /assets/js/zabuto_calendar.js HTTP/1.1" 304 -
0:0:0:0:0:0:0:1 - - [13/Jun/2018:00:06:56 +0800] "GET /assets/js/sparkline-chart.js HTTP/1.1" 304 -
0:0:0:0:0:0:0:1 - - [13/Jun/2018:00:06:56 +0800] "GET /js/bootstrap-datetimepicker.min.js HTTP/1.1" 404 166
0:0:0:0:0:0:0:1 - - [13/Jun/2018:00:06:56 +0800] "GET /js/moment-with-locales.min.js HTTP/1.1" 404 161
0:0:0:0:0:0:0:1 - - [13/Jun/2018:00:06:56 +0800] "GET /assets/js/gritter-conf.js HTTP/1.1" 304 -
0:0:0:0:0:0:0:1 - - [13/Jun/2018:00:06:56 +0800] "GET /js/moment-with-locales.min.js HTTP/1.1" 404 161
0:0:0:0:0:0:0:1 - - [13/Jun/2018:00:06:56 +0800] "GET /js/bootstrap-datetimepicker.min.js HTTP/1.1" 404 166
0:0:0:0:0:0:0:1 - - [13/Jun/2018:00:06:56 +0800] "GET /css/bootstrap-datetimepicker.min.css HTTP/1.1" 404 168
0:0:0:0:0:0:0:1 - - [13/Jun/2018:00:09:21 +0800] "GET /goods/goodslist HTTP/1.1" 200 47543
0:0:0:0:0:0:0:1 - - [13/Jun/2018:00:09:21 +0800] "GET /css/bootstrap-datetimepicker.min.css HTTP/1.1" 404 168
0:0:0:0:0:0:0:1 - - [13/Jun/2018:00:09:21 +0800] "GET /js/bootstrap-datetimepicker.min.js HTTP/1.1" 404 166
0:0:0:0:0:0:0:1 - - [13/Jun/2018:00:09:21 +0800] "GET /js/moment-with-locales.min.js HTTP/1.1" 404 161
0:0:0:0:0:0:0:1 - - [13/Jun/2018:00:09:22 +0800] "GET /js/moment-with-locales.min.js HTTP/1.1" 404 161
0:0:0:0:0:0:0:1 - - [13/Jun/2018:00:09:22 +0800] "GET /css/bootstrap-datetimepicker.min.css HTTP/1.1" 404 168
0:0:0:0:0:0:0:1 - - [13/Jun/2018:00:09:22 +0800] "GET /js/bootstrap-datetimepicker.min.js HTTP/1.1" 404 166
0:0:0:0:0:0:0:1 - - [13/Jun/2018:00:09:27 +0800] "GET /goods/updateGoodsCategory HTTP/1.1" 500 169
0:0:0:0:0:0:0:1 - - [13/Jun/2018:00:10:41 +0800] "GET /goods/updateGoodsCategory HTTP/1.1" 500 169
0:0:0:0:0:0:0:1 - - [13/Jun/2018:00:12:53 +0800] "GET /goods/goodslist HTTP/1.1" 200 47543
0:0:0:0:0:0:0:1 - - [13/Jun/2018:00:12:53 +0800] "GET /js/bootstrap-datetimepicker.min.js HTTP/1.1" 404 166
0:0:0:0:0:0:0:1 - - [13/Jun/2018:00:12:53 +0800] "GET /js/moment-with-locales.min.js HTTP/1.1" 404 161
0:0:0:0:0:0:0:1 - - [13/Jun/2018:00:12:53 +0800] "GET /css/bootstrap-datetimepicker.min.css HTTP/1.1" 404 168
0:0:0:0:0:0:0:1 - - [13/Jun/2018:00:12:55 +0800] "GET /goods/updateGoodsCategory HTTP/1.1" 200 7
0:0:0:0:0:0:0:1 - - [13/Jun/2018:00:14:40 +0800] "GET /goods/updateGoodsCategory HTTP/1.1" 200 7
0:0:0:0:0:0:0:1 - - [13/Jun/2018:00:18:49 +0800] "GET /goods/updateGoodsCategory HTTP/1.1" 200 7
0:0:0:0:0:0:0:1 - - [13/Jun/2018:16:11:17 +0800] "GET /assets/lineicons/style.css HTTP/1.1" 304 -
0:0:0:0:0:0:0:1 - - [13/Jun/2018:16:11:17 +0800] "GET /assets/css/zabuto_calendar.css HTTP/1.1" 304 -
0:0:0:0:0:0:0:1 - - [13/Jun/2018:16:11:17 +0800] "GET /assets/js/gritter/css/jquery.gritter.css HTTP/1.1" 304 -
0:0:0:0:0:0:0:1 - - [13/Jun/2018:16:11:17 +0800] "GET /assets/font-awesome/css/font-awesome.css HTTP/1.1" 304 -
0:0:0:0:0:0:0:1 - - [13/Jun/2018:16:11:17 +0800] "GET /assets/css/bootstrap.css HTTP/1.1" 304 -
0:0:0:0:0:0:0:1 - - [13/Jun/2018:16:11:17 +0800] "GET /assets/css/style.css HTTP/1.1" 304 -
0:0:0:0:0:0:0:1 - - [13/Jun/2018:16:11:17 +0800] "GET /assets/css/style-responsive.css HTTP/1.1" 304 -
0:0:0:0:0:0:0:1 - - [13/Jun/2018:16:11:17 +0800] "GET /assets/js/chart-master/Chart.js HTTP/1.1" 304 -
0:0:0:0:0:0:0:1 - - [13/Jun/2018:16:11:17 +0800] "GET /assets/img/ui-sam.jpg HTTP/1.1" 304 -
0:0:0:0:0:0:0:1 - - [13/Jun/2018:16:11:17 +0800] "GET /goods/goodslist HTTP/1.1" 200 34301
0:0:0:0:0:0:0:1 - - [13/Jun/2018:16:11:17 +0800] "GET /assets/js/jquery-1.8.3.min.js HTTP/1.1" 304 -
0:0:0:0:0:0:0:1 - - [13/Jun/2018:16:11:17 +0800] "GET /assets/js/bootstrap.min.js HTTP/1.1" 304 -
0:0:0:0:0:0:0:1 - - [13/Jun/2018:16:11:17 +0800] "GET /assets/js/jquery.dcjqaccordion.2.7.js HTTP/1.1" 304 -
0:0:0:0:0:0:0:1 - - [13/Jun/2018:16:11:17 +0800] "GET /assets/js/jquery.scrollTo.min.js HTTP/1.1" 304 -
0:0:0:0:0:0:0:1 - - [13/Jun/2018:16:11:17 +0800] "GET /assets/js/jquery.nicescroll.js HTTP/1.1" 304 -
0:0:0:0:0:0:0:1 - - [13/Jun/2018:16:11:17 +0800] "GET /assets/js/jquery.sparkline.js HTTP/1.1" 304 -
0:0:0:0:0:0:0:1 - - [13/Jun/2018:16:11:17 +0800] "GET /assets/js/common-scripts.js HTTP/1.1" 304 -
0:0:0:0:0:0:0:1 - - [13/Jun/2018:16:11:17 +0800] "GET /assets/js/gritter/js/jquery.gritter.js HTTP/1.1" 304 -
0:0:0:0:0:0:0:1 - - [13/Jun/2018:16:11:17 +0800] "GET /assets/js/gritter-conf.js HTTP/1.1" 304 -
0:0:0:0:0:0:0:1 - - [13/Jun/2018:16:11:17 +0800] "GET /assets/js/sparkline-chart.js HTTP/1.1" 304 -
0:0:0:0:0:0:0:1 - - [13/Jun/2018:16:11:17 +0800] "GET /assets/js/zabuto_calendar.js HTTP/1.1" 304 -
0:0:0:0:0:0:0:1 - - [13/Jun/2018:16:11:17 +0800] "GET /assets/js/jquery.js HTTP/1.1" 304 -
0:0:0:0:0:0:0:1 - - [13/Jun/2018:16:11:18 +0800] "GET /css/bootstrap-datetimepicker.min.css HTTP/1.1" 404 168
0:0:0:0:0:0:0:1 - - [13/Jun/2018:16:11:18 +0800] "GET /js/bootstrap-datetimepicker.min.js HTTP/1.1" 404 166
0:0:0:0:0:0:0:1 - - [13/Jun/2018:16:11:18 +0800] "GET /js/moment-with-locales.min.js HTTP/1.1" 404 161
0:0:0:0:0:0:0:1 - - [13/Jun/2018:16:11:18 +0800] "GET /css/bootstrap-datetimepicker.min.css HTTP/1.1" 404 168
0:0:0:0:0:0:0:1 - - [13/Jun/2018:16:11:18 +0800] "GET /js/bootstrap-datetimepicker.min.js HTTP/1.1" 404 166
0:0:0:0:0:0:0:1 - - [13/Jun/2018:16:11:18 +0800] "GET /goods/updateGoodsCategory HTTP/1.1" 200 7
0:0:0:0:0:0:0:1 - - [13/Jun/2018:17:07:10 +0800] "GET /goods/importpage HTTP/1.1" 200 8345
0:0:0:0:0:0:0:1 - - [13/Jun/2018:17:07:10 +0800] "GET /js/moment-with-locales.min.js HTTP/1.1" 404 161
0:0:0:0:0:0:0:1 - - [13/Jun/2018:17:07:10 +0800] "GET /css/bootstrap-datetimepicker.min.css HTTP/1.1" 404 168
0:0:0:0:0:0:0:1 - - [13/Jun/2018:17:07:10 +0800] "GET /js/bootstrap-datetimepicker.min.js HTTP/1.1" 404 166
0:0:0:0:0:0:0:1 - - [13/Jun/2018:17:07:48 +0800] "GET /goods/importpage HTTP/1.1" 200 8161
0:0:0:0:0:0:0:1 - - [13/Jun/2018:17:07:48 +0800] "GET /css/bootstrap-datetimepicker.min.css HTTP/1.1" 404 168
0:0:0:0:0:0:0:1 - - [13/Jun/2018:17:07:48 +0800] "GET /js/moment-with-locales.min.js HTTP/1.1" 404 161
0:0:0:0:0:0:0:1 - - [13/Jun/2018:17:07:48 +0800] "GET /js/bootstrap-datetimepicker.min.js HTTP/1.1" 404 166
0:0:0:0:0:0:0:1 - - [13/Jun/2018:17:07:48 +0800] "GET /js/moment-with-locales.min.js HTTP/1.1" 404 161
0:0:0:0:0:0:0:1 - - [13/Jun/2018:17:07:48 +0800] "GET /css/bootstrap-datetimepicker.min.css HTTP/1.1" 404 168
0:0:0:0:0:0:0:1 - - [13/Jun/2018:17:07:48 +0800] "GET /js/bootstrap-datetimepicker.min.js HTTP/1.1" 404 166
0:0:0:0:0:0:0:1 - - [13/Jun/2018:22:30:23 +0800] "GET /goods/importpage HTTP/1.1" 200 8202
0:0:0:0:0:0:0:1 - - [13/Jun/2018:22:30:23 +0800] "GET /css/bootstrap-datetimepicker.min.css HTTP/1.1" 404 168
0:0:0:0:0:0:0:1 - - [13/Jun/2018:22:30:23 +0800] "GET /js/moment-with-locales.min.js HTTP/1.1" 404 161
0:0:0:0:0:0:0:1 - - [13/Jun/2018:22:30:23 +0800] "GET /css/bootstrap-datetimepicker.min.css HTTP/1.1" 404 168
0:0:0:0:0:0:0:1 - - [13/Jun/2018:22:30:23 +0800] "GET /js/bootstrap-datetimepicker.min.js HTTP/1.1" 404 166
0:0:0:0:0:0:0:1 - - [13/Jun/2018:22:35:36 +0800] "GET /goods/importpage HTTP/1.1" 200 8421
0:0:0:0:0:0:0:1 - - [13/Jun/2018:22:35:36 +0800] "GET /js/moment-with-locales.min.js HTTP/1.1" 404 161
0:0:0:0:0:0:0:1 - - [13/Jun/2018:22:35:36 +0800] "GET /css/bootstrap-datetimepicker.min.css HTTP/1.1" 404 168
0:0:0:0:0:0:0:1 - - [13/Jun/2018:22:35:36 +0800] "GET /js/bootstrap-datetimepicker.min.js HTTP/1.1" 404 166
0:0:0:0:0:0:0:1 - - [13/Jun/2018:22:35:46 +0800] "GET /css/bootstrap-datetimepicker.min.css HTTP/1.1" 404 168
0:0:0:0:0:0:0:1 - - [13/Jun/2018:22:35:46 +0800] "GET /assets/css/bootstrap.css.map HTTP/1.1" 404 160
0:0:0:0:0:0:0:1 - - [13/Jun/2018:22:36:36 +0800] "GET /goods/importpage HTTP/1.1" 200 8421
0:0:0:0:0:0:0:1 - - [13/Jun/2018:22:36:36 +0800] "GET /css/bootstrap-datetimepicker.min.css HTTP/1.1" 404 168
0:0:0:0:0:0:0:1 - - [13/Jun/2018:22:36:36 +0800] "GET /js/bootstrap-datetimepicker.min.js HTTP/1.1" 404 166
0:0:0:0:0:0:0:1 - - [13/Jun/2018:22:36:36 +0800] "GET /js/moment-with-locales.min.js HTTP/1.1" 404 161
0:0:0:0:0:0:0:1 - - [13/Jun/2018:22:36:36 +0800] "GET /assets/font-awesome/fonts/fontawesome-webfont.woff?v=4.1.0 HTTP/1.1" 304 -
0:0:0:0:0:0:0:1 - - [13/Jun/2018:22:36:36 +0800] "GET /assets/css/bootstrap.css.map HTTP/1.1" 404 160
0:0:0:0:0:0:0:1 - - [13/Jun/2018:22:36:36 +0800] "GET /css/bootstrap-datetimepicker.min.css HTTP/1.1" 404 168
0:0:0:0:0:0:0:1 - - [13/Jun/2018:22:36:36 +0800] "GET /js/bootstrap-datetimepicker.min.js HTTP/1.1" 404 166
0:0:0:0:0:0:0:1 - - [13/Jun/2018:22:38:48 +0800] "GET /goods/importpage HTTP/1.1" 200 8421
0:0:0:0:0:0:0:1 - - [13/Jun/2018:22:38:48 +0800] "GET /css/bootstrap-datetimepicker.min.css HTTP/1.1" 200 7789
0:0:0:0:0:0:0:1 - - [13/Jun/2018:22:38:48 +0800] "GET /js/moment-with-locales.min.js HTTP/1.1" 200 165911
0:0:0:0:0:0:0:1 - - [13/Jun/2018:22:38:48 +0800] "GET /js/bootstrap-datetimepicker.min.js HTTP/1.1" 200 38574
0:0:0:0:0:0:0:1 - - [13/Jun/2018:22:38:48 +0800] "GET /assets/css/bootstrap.css.map HTTP/1.1" 404 160
0:0:0:0:0:0:0:1 - - [13/Jun/2018:22:41:11 +0800] "GET /goods/importpage HTTP/1.1" 200 8560
0:0:0:0:0:0:0:1 - - [13/Jun/2018:22:41:11 +0800] "GET /css/bootstrap-datetimepicker.min.css HTTP/1.1" 304 -
0:0:0:0:0:0:0:1 - - [13/Jun/2018:22:41:11 +0800] "GET /js/moment-with-locales.min.js HTTP/1.1" 304 -
0:0:0:0:0:0:0:1 - - [13/Jun/2018:22:41:11 +0800] "GET /js/bootstrap-datetimepicker.min.js HTTP/1.1" 304 -
0:0:0:0:0:0:0:1 - - [13/Jun/2018:22:41:11 +0800] "GET /assets/css/bootstrap.css.map HTTP/1.1" 404 160
0:0:0:0:0:0:0:1 - - [13/Jun/2018:22:41:17 +0800] "POST /goods/importgoodsfile HTTP/1.1" 200 22
0:0:0:0:0:0:0:1 - - [13/Jun/2018:22:41:43 +0800] "GET /assets/css/bootstrap.css.map HTTP/1.1" 404 160
0:0:0:0:0:0:0:1 - - [13/Jun/2018:22:41:43 +0800] "GET /goods/goodslist HTTP/1.1" 200 45885
0:0:0:0:0:0:0:1 - - [13/Jun/2018:22:41:43 +0800] "GET /js/moment-with-locales.min.js HTTP/1.1" 304 -
0:0:0:0:0:0:0:1 - - [13/Jun/2018:22:41:43 +0800] "GET /css/bootstrap-datetimepicker.min.css HTTP/1.1" 304 -
0:0:0:0:0:0:0:1 - - [13/Jun/2018:22:41:43 +0800] "GET /js/bootstrap-datetimepicker.min.js HTTP/1.1" 304 -
0:0:0:0:0:0:0:1 - - [13/Jun/2018:22:41:51 +0800] "GET /goods/goodslist HTTP/1.1" 200 45899
0:0:0:0:0:0:0:1 - - [13/Jun/2018:22:41:54 +0800] "GET /goods/goodslist HTTP/1.1" 200 45930
0:0:0:0:0:0:0:1 - - [13/Jun/2018:22:41:55 +0800] "GET /goods/goodslist HTTP/1.1" 200 45884
0:0:0:0:0:0:0:1 - - [13/Jun/2018:22:41:56 +0800] "GET /goods/goodslist HTTP/1.1" 200 45819
0:0:0:0:0:0:0:1 - - [13/Jun/2018:22:41:57 +0800] "GET /goods/goodslist HTTP/1.1" 200 45909
0:0:0:0:0:0:0:1 - - [13/Jun/2018:22:41:59 +0800] "GET /goods/goodslist HTTP/1.1" 200 45750
0:0:0:0:0:0:0:1 - - [13/Jun/2018:22:41:59 +0800] "GET /goods/goodslist HTTP/1.1" 200 45861
0:0:0:0:0:0:0:1 - - [13/Jun/2018:22:42:10 +0800] "GET /goods/goodslist HTTP/1.1" 200 45715
0:0:0:0:0:0:0:1 - - [13/Jun/2018:22:42:10 +0800] "GET /css/bootstrap-datetimepicker.min.css HTTP/1.1" 304 -
0:0:0:0:0:0:0:1 - - [13/Jun/2018:22:42:10 +0800] "GET /js/moment-with-locales.min.js HTTP/1.1" 304 -
0:0:0:0:0:0:0:1 - - [13/Jun/2018:22:42:10 +0800] "GET /js/bootstrap-datetimepicker.min.js HTTP/1.1" 304 -
0:0:0:0:0:0:0:1 - - [15/Jun/2018:16:33:01 +0800] "GET /goods/importpage HTTP/1.1" 200 8924
0:0:0:0:0:0:0:1 - - [15/Jun/2018:16:33:01 +0800] "GET /assets/font-awesome/css/font-awesome.css HTTP/1.1" 200 25197
0:0:0:0:0:0:0:1 - - [15/Jun/2018:16:33:01 +0800] "GET /assets/js/gritter/css/jquery.gritter.css HTTP/1.1" 200 1976
0:0:0:0:0:0:0:1 - - [15/Jun/2018:16:33:01 +0800] "GET /assets/css/zabuto_calendar.css HTTP/1.1" 200 3627
0:0:0:0:0:0:0:1 - - [15/Jun/2018:16:33:01 +0800] "GET /assets/css/style.css HTTP/1.1" 200 42009
0:0:0:0:0:0:0:1 - - [15/Jun/2018:16:33:01 +0800] "GET /assets/lineicons/style.css HTTP/1.1" 200 150659
0:0:0:0:0:0:0:1 - - [15/Jun/2018:16:33:01 +0800] "GET /css/bootstrap-datetimepicker.min.css HTTP/1.1" 200 7789
0:0:0:0:0:0:0:1 - - [15/Jun/2018:16:33:01 +0800] "GET /assets/js/chart-master/Chart.js HTTP/1.1" 200 44505
0:0:0:0:0:0:0:1 - - [15/Jun/2018:16:33:01 +0800] "GET /assets/css/style-responsive.css HTTP/1.1" 200 6724
0:0:0:0:0:0:0:1 - - [15/Jun/2018:16:33:01 +0800] "GET /assets/css/bootstrap.css HTTP/1.1" 200 132546
0:0:0:0:0:0:0:1 - - [15/Jun/2018:16:33:01 +0800] "GET /assets/js/jquery.js HTTP/1.1" 200 93106
0:0:0:0:0:0:0:1 - - [15/Jun/2018:16:33:01 +0800] "GET /assets/js/jquery-1.8.3.min.js HTTP/1.1" 200 93639
0:0:0:0:0:0:0:1 - - [15/Jun/2018:16:33:01 +0800] "GET /assets/js/bootstrap.min.js HTTP/1.1" 200 31819
0:0:0:0:0:0:0:1 - - [15/Jun/2018:16:33:01 +0800] "GET /assets/js/jquery.dcjqaccordion.2.7.js HTTP/1.1" 200 6625
0:0:0:0:0:0:0:1 - - [15/Jun/2018:16:33:01 +0800] "GET /assets/js/jquery.scrollTo.min.js HTTP/1.1" 200 2434
0:0:0:0:0:0:0:1 - - [15/Jun/2018:16:33:01 +0800] "GET /assets/js/jquery.nicescroll.js HTTP/1.1" 200 59364
0:0:0:0:0:0:0:1 - - [15/Jun/2018:16:33:01 +0800] "GET /assets/js/jquery.sparkline.js HTTP/1.1" 200 123546
0:0:0:0:0:0:0:1 - - [15/Jun/2018:16:33:01 +0800] "GET /assets/js/common-scripts.js HTTP/1.1" 200 3432
0:0:0:0:0:0:0:1 - - [15/Jun/2018:16:33:01 +0800] "GET /assets/js/gritter/js/jquery.gritter.js HTTP/1.1" 200 11231
0:0:0:0:0:0:0:1 - - [15/Jun/2018:16:33:01 +0800] "GET /assets/js/gritter-conf.js HTTP/1.1" 200 4396
0:0:0:0:0:0:0:1 - - [15/Jun/2018:16:33:01 +0800] "GET /assets/js/sparkline-chart.js HTTP/1.1" 200 4234
0:0:0:0:0:0:0:1 - - [15/Jun/2018:16:33:01 +0800] "GET /assets/js/zabuto_calendar.js HTTP/1.1" 200 24802
0:0:0:0:0:0:0:1 - - [15/Jun/2018:16:33:01 +0800] "GET /js/moment-with-locales.min.js HTTP/1.1" 200 165911
0:0:0:0:0:0:0:1 - - [15/Jun/2018:16:33:01 +0800] "GET /js/bootstrap-datetimepicker.min.js HTTP/1.1" 200 38574
0:0:0:0:0:0:0:1 - - [15/Jun/2018:16:33:01 +0800] "GET /assets/img/ui-sam.jpg HTTP/1.1" 200 12697
0:0:0:0:0:0:0:1 - - [15/Jun/2018:16:33:01 +0800] "GET /assets/font-awesome/fonts/fontawesome-webfont.woff?v=4.1.0 HTTP/1.1" 200 83760
0:0:0:0:0:0:0:1 - - [15/Jun/2018:16:33:03 +0800] "GET /goods/goodslist HTTP/1.1" 200 45770
0:0:0:0:0:0:0:1 - - [15/Jun/2018:16:33:08 +0800] "GET /goods/goodslist?pi=2&searchName= HTTP/1.1" 200 45919
0:0:0:0:0:0:0:1 - - [15/Jun/2018:16:33:12 +0800] "POST /goods/goodslist HTTP/1.1" 200 45872
0:0:0:0:0:0:0:1 - - [15/Jun/2018:16:33:16 +0800] "GET /category/categorylist HTTP/1.1" 200 16556
0:0:0:0:0:0:0:1 - - [15/Jun/2018:16:33:17 +0800] "GET /coupon/couponlist HTTP/1.1" 200 31601
0:0:0:0:0:0:0:1 - - [15/Jun/2018:16:33:25 +0800] "GET /goods/goodslist HTTP/1.1" 200 45770
0:0:0:0:0:0:0:1 - - [15/Jun/2018:17:35:58 +0800] "GET /goods/goodslist HTTP/1.1" 500 459
0:0:0:0:0:0:0:1 - - [15/Jun/2018:17:37:54 +0800] "GET /assets/lineicons/style.css HTTP/1.1" 304 -
0:0:0:0:0:0:0:1 - - [15/Jun/2018:17:37:54 +0800] "GET /assets/css/zabuto_calendar.css HTTP/1.1" 304 -
0:0:0:0:0:0:0:1 - - [15/Jun/2018:17:37:54 +0800] "GET /assets/css/bootstrap.css HTTP/1.1" 304 -
0:0:0:0:0:0:0:1 - - [15/Jun/2018:17:37:54 +0800] "GET /assets/js/gritter/css/jquery.gritter.css HTTP/1.1" 304 -
0:0:0:0:0:0:0:1 - - [15/Jun/2018:17:37:54 +0800] "GET /assets/font-awesome/css/font-awesome.css HTTP/1.1" 304 -
0:0:0:0:0:0:0:1 - - [15/Jun/2018:17:37:54 +0800] "GET /assets/js/chart-master/Chart.js HTTP/1.1" 304 -
0:0:0:0:0:0:0:1 - - [15/Jun/2018:17:37:54 +0800] "GET /assets/css/style-responsive.css HTTP/1.1" 304 -
0:0:0:0:0:0:0:1 - - [15/Jun/2018:17:37:54 +0800] "GET /assets/css/style.css HTTP/1.1" 304 -
0:0:0:0:0:0:0:1 - - [15/Jun/2018:17:37:54 +0800] "GET /assets/img/ui-sam.jpg HTTP/1.1" 304 -
0:0:0:0:0:0:0:1 - - [15/Jun/2018:17:37:54 +0800] "GET /assets/font-awesome/fonts/fontawesome-webfont.woff?v=4.1.0 HTTP/1.1" 304 -
0:0:0:0:0:0:0:1 - - [15/Jun/2018:17:37:54 +0800] "GET /goods/goodslist HTTP/1.1" 200 45770
0:0:0:0:0:0:0:1 - - [15/Jun/2018:17:37:54 +0800] "GET /assets/js/bootstrap.min.js HTTP/1.1" 304 -
0:0:0:0:0:0:0:1 - - [15/Jun/2018:17:37:54 +0800] "GET /assets/js/jquery.dcjqaccordion.2.7.js HTTP/1.1" 304 -
0:0:0:0:0:0:0:1 - - [15/Jun/2018:17:37:54 +0800] "GET /assets/js/jquery.js HTTP/1.1" 304 -
0:0:0:0:0:0:0:1 - - [15/Jun/2018:17:37:54 +0800] "GET /assets/js/jquery-1.8.3.min.js HTTP/1.1" 304 -
0:0:0:0:0:0:0:1 - - [15/Jun/2018:17:37:54 +0800] "GET /assets/js/jquery.scrollTo.min.js HTTP/1.1" 304 -
0:0:0:0:0:0:0:1 - - [15/Jun/2018:17:37:54 +0800] "GET /assets/js/jquery.nicescroll.js HTTP/1.1" 304 -
0:0:0:0:0:0:0:1 - - [15/Jun/2018:17:37:54 +0800] "GET /css/bootstrap-datetimepicker.min.css HTTP/1.1" 304 -
0:0:0:0:0:0:0:1 - - [15/Jun/2018:17:37:54 +0800] "GET /assets/js/jquery.sparkline.js HTTP/1.1" 304 -
0:0:0:0:0:0:0:1 - - [15/Jun/2018:17:37:54 +0800] "GET /assets/js/common-scripts.js HTTP/1.1" 304 -
0:0:0:0:0:0:0:1 - - [15/Jun/2018:17:37:54 +0800] "GET /assets/js/gritter-conf.js HTTP/1.1" 304 -
0:0:0:0:0:0:0:1 - - [15/Jun/2018:17:37:54 +0800] "GET /assets/js/gritter/js/jquery.gritter.js HTTP/1.1" 304 -
0:0:0:0:0:0:0:1 - - [15/Jun/2018:17:37:54 +0800] "GET /assets/js/sparkline-chart.js HTTP/1.1" 304 -
0:0:0:0:0:0:0:1 - - [15/Jun/2018:17:37:54 +0800] "GET /assets/js/zabuto_calendar.js HTTP/1.1" 304 -
0:0:0:0:0:0:0:1 - - [15/Jun/2018:17:37:54 +0800] "GET /js/bootstrap-datetimepicker.min.js HTTP/1.1" 304 -
0:0:0:0:0:0:0:1 - - [15/Jun/2018:17:37:54 +0800] "GET /js/moment-with-locales.min.js HTTP/1.1" 304 -
0:0:0:0:0:0:0:1 - - [16/Jun/2018:01:01:40 +0800] "GET /assets/font-awesome/css/font-awesome.css HTTP/1.1" 304 -
0:0:0:0:0:0:0:1 - - [16/Jun/2018:01:01:40 +0800] "GET /assets/css/zabuto_calendar.css HTTP/1.1" 304 -
0:0:0:0:0:0:0:1 - - [16/Jun/2018:01:01:40 +0800] "GET /assets/lineicons/style.css HTTP/1.1" 304 -
0:0:0:0:0:0:0:1 - - [16/Jun/2018:01:01:40 +0800] "GET /assets/js/gritter/css/jquery.gritter.css HTTP/1.1" 304 -
0:0:0:0:0:0:0:1 - - [16/Jun/2018:01:01:40 +0800] "GET /assets/css/style.css HTTP/1.1" 304 -
0:0:0:0:0:0:0:1 - - [16/Jun/2018:01:01:40 +0800] "GET /assets/css/style-responsive.css HTTP/1.1" 304 -
0:0:0:0:0:0:0:1 - - [16/Jun/2018:01:01:40 +0800] "GET /assets/js/chart-master/Chart.js HTTP/1.1" 304 -
0:0:0:0:0:0:0:1 - - [16/Jun/2018:01:01:40 +0800] "GET /assets/css/bootstrap.css HTTP/1.1" 304 -
0:0:0:0:0:0:0:1 - - [16/Jun/2018:01:01:40 +0800] "GET /assets/img/ui-sam.jpg HTTP/1.1" 304 -
0:0:0:0:0:0:0:1 - - [16/Jun/2018:01:01:40 +0800] "GET /goods/goodslist HTTP/1.1" 200 46093
0:0:0:0:0:0:0:1 - - [16/Jun/2018:01:01:40 +0800] "GET /assets/font-awesome/fonts/fontawesome-webfont.woff?v=4.1.0 HTTP/1.1" 304 -
0:0:0:0:0:0:0:1 - - [16/Jun/2018:01:01:40 +0800] "GET /assets/js/jquery.scrollTo.min.js HTTP/1.1" 304 -
0:0:0:0:0:0:0:1 - - [16/Jun/2018:01:01:40 +0800] "GET /assets/js/bootstrap.min.js HTTP/1.1" 304 -
0:0:0:0:0:0:0:1 - - [16/Jun/2018:01:01:40 +0800] "GET /assets/js/jquery-1.8.3.min.js HTTP/1.1" 304 -
0:0:0:0:0:0:0:1 - - [16/Jun/2018:01:01:40 +0800] "GET /assets/js/jquery.dcjqaccordion.2.7.js HTTP/1.1" 304 -
0:0:0:0:0:0:0:1 - - [16/Jun/2018:01:01:40 +0800] "GET /assets/js/jquery.js HTTP/1.1" 304 -
0:0:0:0:0:0:0:1 - - [16/Jun/2018:01:01:40 +0800] "GET /assets/js/jquery.nicescroll.js HTTP/1.1" 304 -
0:0:0:0:0:0:0:1 - - [16/Jun/2018:01:01:40 +0800] "GET /css/bootstrap-datetimepicker.min.css HTTP/1.1" 304 -
0:0:0:0:0:0:0:1 - - [16/Jun/2018:01:01:40 +0800] "GET /assets/js/common-scripts.js HTTP/1.1" 304 -
0:0:0:0:0:0:0:1 - - [16/Jun/2018:01:01:40 +0800] "GET /assets/js/gritter-conf.js HTTP/1.1" 304 -
0:0:0:0:0:0:0:1 - - [16/Jun/2018:01:01:40 +0800] "GET /assets/js/gritter/js/jquery.gritter.js HTTP/1.1" 304 -
0:0:0:0:0:0:0:1 - - [16/Jun/2018:01:01:40 +0800] "GET /assets/js/jquery.sparkline.js HTTP/1.1" 304 -
0:0:0:0:0:0:0:1 - - [16/Jun/2018:01:01:40 +0800] "GET /assets/js/sparkline-chart.js HTTP/1.1" 304 -
0:0:0:0:0:0:0:1 - - [16/Jun/2018:01:01:40 +0800] "GET /assets/js/zabuto_calendar.js HTTP/1.1" 304 -
0:0:0:0:0:0:0:1 - - [16/Jun/2018:01:01:40 +0800] "GET /js/moment-with-locales.min.js HTTP/1.1" 304 -
0:0:0:0:0:0:0:1 - - [16/Jun/2018:01:01:40 +0800] "GET /js/bootstrap-datetimepicker.min.js HTTP/1.1" 304 -
0:0:0:0:0:0:0:1 - - [16/Jun/2018:01:01:49 +0800] "GET /goods/updateVoucherPrice HTTP/1.1" 200 7
0:0:0:0:0:0:0:1 - - [16/Jun/2018:01:03:10 +0800] "GET /goods/updateVoucherPrice HTTP/1.1" 200 7
0:0:0:0:0:0:0:1 - - [16/Jun/2018:01:03:55 +0800] "GET /goods/updateVoucherPrice HTTP/1.1" 200 7
0:0:0:0:0:0:0:1 - - [16/Jun/2018:01:14:27 +0800] "GET /goods/goodslist HTTP/1.1" 200 46093
0:0:0:0:0:0:0:1 - - [16/Jun/2018:01:14:28 +0800] "GET /goods/updateVoucherPrice HTTP/1.1" 200 7
0:0:0:0:0:0:0:1 - - [16/Jun/2018:01:33:10 +0800] "GET /goods/goodslist HTTP/1.1" 200 46093
0:0:0:0:0:0:0:1 - - [16/Jun/2018:01:34:42 +0800] "GET /goods/goodslist HTTP/1.1" 200 47037
0:0:0:0:0:0:0:1 - - [16/Jun/2018:01:35:13 +0800] "GET /goods/updateVoucherPrice HTTP/1.1" 200 7
0:0:0:0:0:0:0:1 - - [18/Jun/2018:00:10:03 +0800] "GET /goods/importpage HTTP/1.1" 200 7831
0:0:0:0:0:0:0:1 - - [18/Jun/2018:00:10:03 +0800] "GET /assets/css/bootstrap.css HTTP/1.1" 304 -
0:0:0:0:0:0:0:1 - - [18/Jun/2018:00:10:03 +0800] "GET /assets/css/zabuto_calendar.css HTTP/1.1" 304 -
0:0:0:0:0:0:0:1 - - [18/Jun/2018:00:10:03 +0800] "GET /assets/css/style.css HTTP/1.1" 304 -
0:0:0:0:0:0:0:1 - - [18/Jun/2018:00:10:03 +0800] "GET /assets/font-awesome/css/font-awesome.css HTTP/1.1" 304 -
0:0:0:0:0:0:0:1 - - [18/Jun/2018:00:10:03 +0800] "GET /assets/lineicons/style.css HTTP/1.1" 304 -
0:0:0:0:0:0:0:1 - - [18/Jun/2018:00:10:03 +0800] "GET /assets/js/gritter/css/jquery.gritter.css HTTP/1.1" 304 -
0:0:0:0:0:0:0:1 - - [18/Jun/2018:00:10:03 +0800] "GET /css/bootstrap-datetimepicker.min.css HTTP/1.1" 304 -
0:0:0:0:0:0:0:1 - - [18/Jun/2018:00:10:03 +0800] "GET /assets/js/chart-master/Chart.js HTTP/1.1" 304 -
0:0:0:0:0:0:0:1 - - [18/Jun/2018:00:10:03 +0800] "GET /assets/css/style-responsive.css HTTP/1.1" 304 -
0:0:0:0:0:0:0:1 - - [18/Jun/2018:00:10:03 +0800] "GET /assets/js/jquery.js HTTP/1.1" 304 -
0:0:0:0:0:0:0:1 - - [18/Jun/2018:00:10:03 +0800] "GET /assets/js/jquery-1.8.3.min.js HTTP/1.1" 304 -
0:0:0:0:0:0:0:1 - - [18/Jun/2018:00:10:03 +0800] "GET /assets/js/bootstrap.min.js HTTP/1.1" 304 -
0:0:0:0:0:0:0:1 - - [18/Jun/2018:00:10:03 +0800] "GET /assets/js/jquery.dcjqaccordion.2.7.js HTTP/1.1" 304 -
0:0:0:0:0:0:0:1 - - [18/Jun/2018:00:10:03 +0800] "GET /assets/js/jquery.scrollTo.min.js HTTP/1.1" 304 -
0:0:0:0:0:0:0:1 - - [18/Jun/2018:00:10:03 +0800] "GET /assets/js/jquery.nicescroll.js HTTP/1.1" 304 -
0:0:0:0:0:0:0:1 - - [18/Jun/2018:00:10:03 +0800] "GET /assets/js/jquery.sparkline.js HTTP/1.1" 304 -
0:0:0:0:0:0:0:1 - - [18/Jun/2018:00:10:03 +0800] "GET /assets/js/common-scripts.js HTTP/1.1" 304 -
0:0:0:0:0:0:0:1 - - [18/Jun/2018:00:10:03 +0800] "GET /assets/js/gritter/js/jquery.gritter.js HTTP/1.1" 304 -
0:0:0:0:0:0:0:1 - - [18/Jun/2018:00:10:03 +0800] "GET /assets/js/gritter-conf.js HTTP/1.1" 304 -
0:0:0:0:0:0:0:1 - - [18/Jun/2018:00:10:03 +0800] "GET /assets/js/sparkline-chart.js HTTP/1.1" 304 -
0:0:0:0:0:0:0:1 - - [18/Jun/2018:00:10:03 +0800] "GET /assets/js/zabuto_calendar.js HTTP/1.1" 304 -
0:0:0:0:0:0:0:1 - - [18/Jun/2018:00:10:03 +0800] "GET /js/moment-with-locales.min.js HTTP/1.1" 304 -
0:0:0:0:0:0:0:1 - - [18/Jun/2018:00:10:03 +0800] "GET /js/bootstrap-datetimepicker.min.js HTTP/1.1" 304 -
0:0:0:0:0:0:0:1 - - [18/Jun/2018:00:10:03 +0800] "GET /assets/img/ui-sam.jpg HTTP/1.1" 304 -
0:0:0:0:0:0:0:1 - - [18/Jun/2018:00:10:03 +0800] "GET /assets/font-awesome/fonts/fontawesome-webfont.woff?v=4.1.0 HTTP/1.1" 304 -
0:0:0:0:0:0:0:1 - - [18/Jun/2018:00:10:34 +0800] "GET /goods/importpage HTTP/1.1" 200 7831
0:0:0:0:0:0:0:1 - - [18/Jun/2018:00:20:12 +0800] "GET /goods/importpage HTTP/1.1" 200 9504
0:0:0:0:0:0:0:1 - - [18/Jun/2018:01:13:50 +0800] "GET /goods/importpage HTTP/1.1" 200 9504
0:0:0:0:0:0:0:1 - - [18/Jun/2018:01:13:58 +0800] "POST /goods/importgoodsfile618 HTTP/1.1" 200 22
0:0:0:0:0:0:0:1 - - [18/Jun/2018:01:14:13 +0800] "GET /goods/goodslist HTTP/1.1" 200 35830
0:0:0:0:0:0:0:1 - - [18/Jun/2018:01:14:18 +0800] "GET /goods/goodslist HTTP/1.1" 200 35761
0:0:0:0:0:0:0:1 - - [18/Jun/2018:01:14:21 +0800] "GET /goods/goodslist HTTP/1.1" 200 35359
0:0:0:0:0:0:0:1 - - [18/Jun/2018:01:14:22 +0800] "GET /goods/goodslist HTTP/1.1" 200 35196
0:0:0:0:0:0:0:1 - - [18/Jun/2018:01:14:24 +0800] "GET /goods/goodslist HTTP/1.1" 200 35256
0:0:0:0:0:0:0:1 - - [18/Jun/2018:01:14:25 +0800] "GET /goods/goodslist HTTP/1.1" 200 35357
0:0:0:0:0:0:0:1 - - [18/Jun/2018:01:14:26 +0800] "GET /goods/goodslist HTTP/1.1" 200 35838
0:0:0:0:0:0:0:1 - - [18/Jun/2018:01:14:27 +0800] "GET /goods/goodslist HTTP/1.1" 200 35866
0:0:0:0:0:0:0:1 - - [18/Jun/2018:01:14:28 +0800] "GET /goods/goodslist HTTP/1.1" 200 35208
0:0:0:0:0:0:0:1 - - [18/Jun/2018:01:14:31 +0800] "GET /goods/goodslist HTTP/1.1" 200 35319
0:0:0:0:0:0:0:1 - - [18/Jun/2018:01:14:32 +0800] "GET /goods/goodslist HTTP/1.1" 200 35134
0:0:0:0:0:0:0:1 - - [18/Jun/2018:01:14:32 +0800] "GET /goods/goodslist HTTP/1.1" 200 35073
0:0:0:0:0:0:0:1 - - [18/Jun/2018:01:14:33 +0800] "GET /goods/goodslist HTTP/1.1" 200 35090
0:0:0:0:0:0:0:1 - - [18/Jun/2018:01:14:34 +0800] "GET /goods/goodslist HTTP/1.1" 200 35053
